<?xml version="1.0" encoding="UTF-8"?>
<testng-results skipped="0" failed="0" ignored="0" total="2" passed="2">
  <reporter-output>
  </reporter-output>
  <suite name="Suite" duration-ms="35622" started-at="2020-05-07T23:46:12 NZST" finished-at="2020-05-07T23:46:47 NZST">
    <groups>
    </groups>
    <test name="Test" duration-ms="35622" started-at="2020-05-07T23:46:12 NZST" finished-at="2020-05-07T23:46:47 NZST">
      <class name="mavenTraining.westpacTest">
        <test-method status="PASS" signature="beforeTest()[pri:0, instance:mavenTraining.westpacTest@53b32d7]" name="beforeTest" is-config="true" duration-ms="14890" started-at="2020-05-07T23:46:12 NZST" finished-at="2020-05-07T23:46:27 NZST">
          <reporter-output>
          </reporter-output>
        </test-method> <!-- beforeTest -->
        <test-method status="PASS" signature="westpacTest(java.lang.String, java.lang.String, java.lang.String)[pri:0, instance:mavenTraining.westpacTest@53b32d7]" name="westpacTest" duration-ms="9893" started-at="2020-05-07T23:46:27 NZST" data-provider="dataSheet" finished-at="2020-05-07T23:46:37 NZST">
          <params>
            <param index="0">
              <value>
                <![CDATA[United States Dollar]]>
              </value>
            </param>
            <param index="1">
              <value>
                <![CDATA[10.0]]>
              </value>
            </param>
            <param index="2">
              <value>
                <![CDATA[Australian Dollar]]>
              </value>
            </param>
          </params>
          <reporter-output>
          </reporter-output>
        </test-method> <!-- westpacTest -->
        <test-method status="PASS" signature="westpacTest(java.lang.String, java.lang.String, java.lang.String)[pri:0, instance:mavenTraining.westpacTest@53b32d7]" name="westpacTest" duration-ms="10065" started-at="2020-05-07T23:46:37 NZST" data-provider="dataSheet" finished-at="2020-05-07T23:46:47 NZST">
          <params>
            <param index="0">
              <value>
                <![CDATA[Australian Dollar]]>
              </value>
            </param>
            <param index="1">
              <value>
                <![CDATA[5.0]]>
              </value>
            </param>
            <param index="2">
              <value>
                <![CDATA[United States Dollar]]>
              </value>
            </param>
          </params>
          <reporter-output>
          </reporter-output>
        </test-method> <!-- westpacTest -->
        <test-method status="PASS" signature="AfterTest()[pri:0, instance:mavenTraining.westpacTest@53b32d7]" name="AfterTest" is-config="true" duration-ms="187" started-at="2020-05-07T23:46:47 NZST" finished-at="2020-05-07T23:46:47 NZST">
          <reporter-output>
          </reporter-output>
        </test-method> <!-- AfterTest -->
      </class> <!-- mavenTraining.westpacTest -->
    </test> <!-- Test -->
  </suite> <!-- Suite -->
</testng-results>
