<?xml version="1.0" encoding="UTF-8"?>
<testng-results skipped="0" failed="0" ignored="0" total="2" passed="2">
  <reporter-output>
  </reporter-output>
  <suite name="Suite" duration-ms="32913" started-at="2020-05-08T22:46:27 NZST" finished-at="2020-05-08T22:47:00 NZST">
    <groups>
    </groups>
    <test name="Test" duration-ms="32913" started-at="2020-05-08T22:46:27 NZST" finished-at="2020-05-08T22:47:00 NZST">
      <class name="mavenTraining.westpacTest">
        <test-method status="PASS" signature="beforeTest()[pri:0, instance:mavenTraining.westpacTest@53b32d7]" name="beforeTest" is-config="true" duration-ms="12972" started-at="2020-05-08T22:46:27 NZST" finished-at="2020-05-08T22:46:40 NZST">
          <reporter-output>
          </reporter-output>
        </test-method> <!-- beforeTest -->
        <test-method status="PASS" signature="westpacTest(java.lang.String, java.lang.String, java.lang.String)[pri:0, instance:mavenTraining.westpacTest@53b32d7]" name="westpacTest" duration-ms="10196" started-at="2020-05-08T22:46:41 NZST" data-provider="dataSheet" finished-at="2020-05-08T22:46:51 NZST">
          <params>
            <param index="0">
              <value>
                <![CDATA[United States Dollar]]>
              </value>
            </param>
            <param index="1">
              <value>
                <![CDATA[10.0]]>
              </value>
            </param>
            <param index="2">
              <value>
                <![CDATA[Australian Dollar]]>
              </value>
            </param>
          </params>
          <reporter-output>
          </reporter-output>
        </test-method> <!-- westpacTest -->
        <test-method status="PASS" signature="westpacTest(java.lang.String, java.lang.String, java.lang.String)[pri:0, instance:mavenTraining.westpacTest@53b32d7]" name="westpacTest" duration-ms="9047" started-at="2020-05-08T22:46:51 NZST" data-provider="dataSheet" finished-at="2020-05-08T22:47:00 NZST">
          <params>
            <param index="0">
              <value>
                <![CDATA[Australian Dollar]]>
              </value>
            </param>
            <param index="1">
              <value>
                <![CDATA[5.0]]>
              </value>
            </param>
            <param index="2">
              <value>
                <![CDATA[United States Dollar]]>
              </value>
            </param>
          </params>
          <reporter-output>
          </reporter-output>
        </test-method> <!-- westpacTest -->
        <test-method status="PASS" signature="AfterTest()[pri:0, instance:mavenTraining.westpacTest@53b32d7]" name="AfterTest" is-config="true" duration-ms="176" started-at="2020-05-08T22:47:00 NZST" finished-at="2020-05-08T22:47:00 NZST">
          <reporter-output>
          </reporter-output>
        </test-method> <!-- AfterTest -->
      </class> <!-- mavenTraining.westpacTest -->
    </test> <!-- Test -->
  </suite> <!-- Suite -->
</testng-results>
